<?xml version="1.0" encoding="UTF-8"?>
<!-- Generated by org.testng.reporters.JUnitXMLReporter -->
<testsuite hostname="LAPTOP-DQT0UD1I" ignored="16" name="Test" tests="9" failures="0" timestamp="09 May 2022 10:49:44 GMT" time="579.967" errors="0">
  <testcase name="TC4" time="7.7" classname="Testcases.Testcase2"/>
  <testcase name="test1" time="10.959" classname="Testcases.Testcase1"/>
  <testcase name="test1" time="10.976" classname="Testcases.Testcase4"/>
  <testcase name="test1" time="11.44" classname="Testcases.Testcase3"/>
  <testcase name="TC5" time="6.37" classname="Testcases.Testcase6"/>
  <testcase name="test1" time="11.167" classname="Testcases.Testcase5"/>
  <testcase name="test2" time="3.99" classname="Testcases.Testcase7"/>
  <testcase name="TC" time="2.162" classname="Testcases.Testcase8"/>
  <testcase name="test3" time="4.067" classname="Testcases.Testcase9"/>
  <testcase name="@BeforeSuite connect_database" time="0.0" classname="generic_libraries.Base_class">
    <ignored/>
  </testcase> <!-- @BeforeSuite connect_database -->
  <testcase name="@BeforeSuite connect_database" time="0.0" classname="generic_libraries.Base_class">
    <ignored/>
  </testcase> <!-- @BeforeSuite connect_database -->
  <testcase name="@BeforeSuite connect_database" time="0.0" classname="generic_libraries.Base_class">
    <ignored/>
  </testcase> <!-- @BeforeSuite connect_database -->
  <testcase name="@BeforeSuite connect_database" time="0.0" classname="generic_libraries.Base_class">
    <ignored/>
  </testcase> <!-- @BeforeSuite connect_database -->
  <testcase name="@BeforeSuite connect_database" time="0.0" classname="generic_libraries.Base_class">
    <ignored/>
  </testcase> <!-- @BeforeSuite connect_database -->
  <testcase name="@BeforeSuite connect_database" time="0.0" classname="generic_libraries.Base_class">
    <ignored/>
  </testcase> <!-- @BeforeSuite connect_database -->
  <testcase name="@BeforeSuite connect_database" time="0.0" classname="generic_libraries.Base_class">
    <ignored/>
  </testcase> <!-- @BeforeSuite connect_database -->
  <testcase name="@BeforeSuite connect_database" time="0.0" classname="generic_libraries.Base_class">
    <ignored/>
  </testcase> <!-- @BeforeSuite connect_database -->
  <testcase name="@AfterSuite close_the_database" time="0.0" classname="generic_libraries.Base_class">
    <ignored/>
  </testcase> <!-- @AfterSuite close_the_database -->
  <testcase name="@AfterSuite close_the_database" time="0.0" classname="generic_libraries.Base_class">
    <ignored/>
  </testcase> <!-- @AfterSuite close_the_database -->
  <testcase name="@AfterSuite close_the_database" time="0.0" classname="generic_libraries.Base_class">
    <ignored/>
  </testcase> <!-- @AfterSuite close_the_database -->
  <testcase name="@AfterSuite close_the_database" time="0.0" classname="generic_libraries.Base_class">
    <ignored/>
  </testcase> <!-- @AfterSuite close_the_database -->
  <testcase name="@AfterSuite close_the_database" time="0.0" classname="generic_libraries.Base_class">
    <ignored/>
  </testcase> <!-- @AfterSuite close_the_database -->
  <testcase name="@AfterSuite close_the_database" time="0.0" classname="generic_libraries.Base_class">
    <ignored/>
  </testcase> <!-- @AfterSuite close_the_database -->
  <testcase name="@AfterSuite close_the_database" time="0.0" classname="generic_libraries.Base_class">
    <ignored/>
  </testcase> <!-- @AfterSuite close_the_database -->
  <testcase name="@AfterSuite close_the_database" time="0.0" classname="generic_libraries.Base_class">
    <ignored/>
  </testcase> <!-- @AfterSuite close_the_database -->
</testsuite> <!-- Test -->
