<?xml version="1.0" encoding="UTF-8"?>
<testng-results skipped="0" failed="0" ignored="16" total="25" passed="9">
  <reporter-output>
  </reporter-output>
  <suite name="Suite" duration-ms="579967" started-at="2022-05-09T10:40:04Z" finished-at="2022-05-09T10:49:44Z">
    <groups>
    </groups>
    <test name="Test" duration-ms="579967" started-at="2022-05-09T10:40:04Z" finished-at="2022-05-09T10:49:44Z">
      <class name="Testcases.Testcase7">
        <test-method status="PASS" signature="launching_the_browser()[pri:0, instance:Testcases.Testcase7@6a4f787b]" name="launching_the_browser" is-config="true" duration-ms="1562" started-at="2022-05-09T16:16:41Z" finished-at="2022-05-09T16:16:42Z">
          <reporter-output>
          </reporter-output>
        </test-method> <!-- launching_the_browser -->
        <test-method status="PASS" signature="login_to_application()[pri:0, instance:Testcases.Testcase7@6a4f787b]" name="login_to_application" is-config="true" duration-ms="51938" started-at="2022-05-09T16:16:42Z" finished-at="2022-05-09T16:17:34Z">
          <reporter-output>
          </reporter-output>
        </test-method> <!-- login_to_application -->
        <test-method status="PASS" signature="test2()[pri:0, instance:Testcases.Testcase7@6a4f787b]" name="test2" duration-ms="3990" started-at="2022-05-09T16:17:34Z" finished-at="2022-05-09T16:17:38Z">
          <reporter-output>
          </reporter-output>
        </test-method> <!-- test2 -->
        <test-method status="PASS" signature="logout_application()[pri:0, instance:Testcases.Testcase7@6a4f787b]" name="logout_application" is-config="true" duration-ms="2323" started-at="2022-05-09T16:17:38Z" finished-at="2022-05-09T16:17:41Z">
          <reporter-output>
          </reporter-output>
        </test-method> <!-- logout_application -->
        <test-method status="PASS" signature="close_the_browser()[pri:0, instance:Testcases.Testcase7@6a4f787b]" name="close_the_browser" is-config="true" duration-ms="860" started-at="2022-05-09T16:17:41Z" finished-at="2022-05-09T16:17:41Z">
          <reporter-output>
          </reporter-output>
        </test-method> <!-- close_the_browser -->
      </class> <!-- Testcases.Testcase7 -->
      <class name="Testcases.Testcase8">
        <test-method status="PASS" signature="launching_the_browser()[pri:0, instance:Testcases.Testcase8@685cb137]" name="launching_the_browser" is-config="true" duration-ms="1532" started-at="2022-05-09T16:17:41Z" finished-at="2022-05-09T16:17:43Z">
          <reporter-output>
          </reporter-output>
        </test-method> <!-- launching_the_browser -->
        <test-method status="PASS" signature="login_to_application()[pri:0, instance:Testcases.Testcase8@685cb137]" name="login_to_application" is-config="true" duration-ms="78348" started-at="2022-05-09T16:17:43Z" finished-at="2022-05-09T16:19:01Z">
          <reporter-output>
          </reporter-output>
        </test-method> <!-- login_to_application -->
        <test-method status="PASS" signature="TC()[pri:0, instance:Testcases.Testcase8@685cb137]" name="TC" duration-ms="2162" started-at="2022-05-09T16:19:01Z" finished-at="2022-05-09T16:19:04Z">
          <reporter-output>
          </reporter-output>
        </test-method> <!-- TC -->
        <test-method status="PASS" signature="logout_application()[pri:0, instance:Testcases.Testcase8@685cb137]" name="logout_application" is-config="true" duration-ms="2367" started-at="2022-05-09T16:19:04Z" finished-at="2022-05-09T16:19:06Z">
          <reporter-output>
          </reporter-output>
        </test-method> <!-- logout_application -->
        <test-method status="PASS" signature="close_the_browser()[pri:0, instance:Testcases.Testcase8@685cb137]" name="close_the_browser" is-config="true" duration-ms="915" started-at="2022-05-09T16:19:06Z" finished-at="2022-05-09T16:19:07Z">
          <reporter-output>
          </reporter-output>
        </test-method> <!-- close_the_browser -->
      </class> <!-- Testcases.Testcase8 -->
      <class name="Testcases.Testcase9">
        <test-method status="PASS" signature="launching_the_browser()[pri:0, instance:Testcases.Testcase9@6a41eaa2]" name="launching_the_browser" is-config="true" duration-ms="1530" started-at="2022-05-09T16:19:07Z" finished-at="2022-05-09T16:19:08Z">
          <reporter-output>
          </reporter-output>
        </test-method> <!-- launching_the_browser -->
        <test-method status="PASS" signature="login_to_application()[pri:0, instance:Testcases.Testcase9@6a41eaa2]" name="login_to_application" is-config="true" duration-ms="28743" started-at="2022-05-09T16:19:08Z" finished-at="2022-05-09T16:19:37Z">
          <reporter-output>
          </reporter-output>
        </test-method> <!-- login_to_application -->
        <test-method status="PASS" signature="test3()[pri:0, instance:Testcases.Testcase9@6a41eaa2]" name="test3" duration-ms="4067" started-at="2022-05-09T16:19:37Z" finished-at="2022-05-09T16:19:41Z">
          <reporter-output>
          </reporter-output>
        </test-method> <!-- test3 -->
        <test-method status="PASS" signature="logout_application()[pri:0, instance:Testcases.Testcase9@6a41eaa2]" name="logout_application" is-config="true" duration-ms="2255" started-at="2022-05-09T16:19:41Z" finished-at="2022-05-09T16:19:43Z">
          <reporter-output>
          </reporter-output>
        </test-method> <!-- logout_application -->
        <test-method status="PASS" signature="close_the_browser()[pri:0, instance:Testcases.Testcase9@6a41eaa2]" name="close_the_browser" is-config="true" duration-ms="860" started-at="2022-05-09T16:19:43Z" finished-at="2022-05-09T16:19:44Z">
          <reporter-output>
          </reporter-output>
        </test-method> <!-- close_the_browser -->
      </class> <!-- Testcases.Testcase9 -->
      <class name="Testcases.Testcase3">
        <test-method status="PASS" signature="launching_the_browser()[pri:0, instance:Testcases.Testcase3@5c3bd550]" name="launching_the_browser" is-config="true" duration-ms="1570" started-at="2022-05-09T16:13:39Z" finished-at="2022-05-09T16:13:41Z">
          <reporter-output>
          </reporter-output>
        </test-method> <!-- launching_the_browser -->
        <test-method status="PASS" signature="login_to_application()[pri:0, instance:Testcases.Testcase3@5c3bd550]" name="login_to_application" is-config="true" duration-ms="41784" started-at="2022-05-09T16:13:41Z" finished-at="2022-05-09T16:14:23Z">
          <reporter-output>
          </reporter-output>
        </test-method> <!-- login_to_application -->
        <test-method status="PASS" signature="test1()[pri:0, instance:Testcases.Testcase3@5c3bd550]" name="test1" duration-ms="11440" started-at="2022-05-09T16:14:23Z" finished-at="2022-05-09T16:14:34Z">
          <reporter-output>
          </reporter-output>
        </test-method> <!-- test1 -->
        <test-method status="PASS" signature="logout_application()[pri:0, instance:Testcases.Testcase3@5c3bd550]" name="logout_application" is-config="true" duration-ms="2276" started-at="2022-05-09T16:14:34Z" finished-at="2022-05-09T16:14:36Z">
          <reporter-output>
          </reporter-output>
        </test-method> <!-- logout_application -->
        <test-method status="PASS" signature="close_the_browser()[pri:0, instance:Testcases.Testcase3@5c3bd550]" name="close_the_browser" is-config="true" duration-ms="859" started-at="2022-05-09T16:14:36Z" finished-at="2022-05-09T16:14:37Z">
          <reporter-output>
          </reporter-output>
        </test-method> <!-- close_the_browser -->
      </class> <!-- Testcases.Testcase3 -->
      <class name="Testcases.Testcase4">
        <test-method status="PASS" signature="launching_the_browser()[pri:0, instance:Testcases.Testcase4@5e3a8624]" name="launching_the_browser" is-config="true" duration-ms="1610" started-at="2022-05-09T16:12:32Z" finished-at="2022-05-09T16:12:34Z">
          <reporter-output>
          </reporter-output>
        </test-method> <!-- launching_the_browser -->
        <test-method status="PASS" signature="login_to_application()[pri:0, instance:Testcases.Testcase4@5e3a8624]" name="login_to_application" is-config="true" duration-ms="51217" started-at="2022-05-09T16:12:34Z" finished-at="2022-05-09T16:13:25Z">
          <reporter-output>
          </reporter-output>
        </test-method> <!-- login_to_application -->
        <test-method status="PASS" signature="test1()[pri:0, instance:Testcases.Testcase4@5e3a8624]" name="test1" duration-ms="10976" started-at="2022-05-09T16:13:25Z" finished-at="2022-05-09T16:13:36Z">
          <reporter-output>
          </reporter-output>
        </test-method> <!-- test1 -->
        <test-method status="PASS" signature="logout_application()[pri:0, instance:Testcases.Testcase4@5e3a8624]" name="logout_application" is-config="true" duration-ms="2291" started-at="2022-05-09T16:13:36Z" finished-at="2022-05-09T16:13:38Z">
          <reporter-output>
          </reporter-output>
        </test-method> <!-- logout_application -->
        <test-method status="PASS" signature="close_the_browser()[pri:0, instance:Testcases.Testcase4@5e3a8624]" name="close_the_browser" is-config="true" duration-ms="909" started-at="2022-05-09T16:13:38Z" finished-at="2022-05-09T16:13:39Z">
          <reporter-output>
          </reporter-output>
        </test-method> <!-- close_the_browser -->
      </class> <!-- Testcases.Testcase4 -->
      <class name="Testcases.Testcase5">
        <test-method status="PASS" signature="launching_the_browser()[pri:0, instance:Testcases.Testcase5@604ed9f0]" name="launching_the_browser" is-config="true" duration-ms="1563" started-at="2022-05-09T16:15:03Z" finished-at="2022-05-09T16:15:04Z">
          <reporter-output>
          </reporter-output>
        </test-method> <!-- launching_the_browser -->
        <test-method status="PASS" signature="login_to_application()[pri:0, instance:Testcases.Testcase5@604ed9f0]" name="login_to_application" is-config="true" duration-ms="81978" started-at="2022-05-09T16:15:04Z" finished-at="2022-05-09T16:16:26Z">
          <reporter-output>
          </reporter-output>
        </test-method> <!-- login_to_application -->
        <test-method status="PASS" signature="test1()[pri:0, instance:Testcases.Testcase5@604ed9f0]" name="test1" duration-ms="11167" started-at="2022-05-09T16:16:26Z" finished-at="2022-05-09T16:16:37Z">
          <reporter-output>
          </reporter-output>
        </test-method> <!-- test1 -->
        <test-method status="PASS" signature="logout_application()[pri:0, instance:Testcases.Testcase5@604ed9f0]" name="logout_application" is-config="true" duration-ms="2313" started-at="2022-05-09T16:16:37Z" finished-at="2022-05-09T16:16:40Z">
          <reporter-output>
          </reporter-output>
        </test-method> <!-- logout_application -->
        <test-method status="PASS" signature="close_the_browser()[pri:0, instance:Testcases.Testcase5@604ed9f0]" name="close_the_browser" is-config="true" duration-ms="1012" started-at="2022-05-09T16:16:40Z" finished-at="2022-05-09T16:16:41Z">
          <reporter-output>
          </reporter-output>
        </test-method> <!-- close_the_browser -->
      </class> <!-- Testcases.Testcase5 -->
      <class name="Testcases.Testcase6">
        <test-method status="PASS" signature="launching_the_browser()[pri:0, instance:Testcases.Testcase6@91161c7]" name="launching_the_browser" is-config="true" duration-ms="1556" started-at="2022-05-09T16:14:37Z" finished-at="2022-05-09T16:14:39Z">
          <reporter-output>
          </reporter-output>
        </test-method> <!-- launching_the_browser -->
        <test-method status="PASS" signature="login_to_application()[pri:0, instance:Testcases.Testcase6@91161c7]" name="login_to_application" is-config="true" duration-ms="14591" started-at="2022-05-09T16:14:39Z" finished-at="2022-05-09T16:14:53Z">
          <reporter-output>
          </reporter-output>
        </test-method> <!-- login_to_application -->
        <test-method status="PASS" signature="TC5()[pri:0, instance:Testcases.Testcase6@91161c7]" name="TC5" duration-ms="6370" started-at="2022-05-09T16:14:53Z" finished-at="2022-05-09T16:15:00Z">
          <reporter-output>
          </reporter-output>
        </test-method> <!-- TC5 -->
        <test-method status="PASS" signature="logout_application()[pri:0, instance:Testcases.Testcase6@91161c7]" name="logout_application" is-config="true" duration-ms="2271" started-at="2022-05-09T16:15:00Z" finished-at="2022-05-09T16:15:02Z">
          <reporter-output>
          </reporter-output>
        </test-method> <!-- logout_application -->
        <test-method status="PASS" signature="close_the_browser()[pri:0, instance:Testcases.Testcase6@91161c7]" name="close_the_browser" is-config="true" duration-ms="869" started-at="2022-05-09T16:15:02Z" finished-at="2022-05-09T16:15:03Z">
          <reporter-output>
          </reporter-output>
        </test-method> <!-- close_the_browser -->
      </class> <!-- Testcases.Testcase6 -->
      <class name="Testcases.Testcase1">
        <test-method status="PASS" signature="launching_the_browser()[pri:0, instance:Testcases.Testcase1@1bce4f0a]" name="launching_the_browser" is-config="true" duration-ms="1506" started-at="2022-05-09T16:11:55Z" finished-at="2022-05-09T16:11:57Z">
          <reporter-output>
          </reporter-output>
        </test-method> <!-- launching_the_browser -->
        <test-method status="PASS" signature="login_to_application()[pri:0, instance:Testcases.Testcase1@1bce4f0a]" name="login_to_application" is-config="true" duration-ms="21077" started-at="2022-05-09T16:11:57Z" finished-at="2022-05-09T16:12:18Z">
          <reporter-output>
          </reporter-output>
        </test-method> <!-- login_to_application -->
        <test-method status="PASS" signature="test1()[pri:0, instance:Testcases.Testcase1@1bce4f0a]" name="test1" duration-ms="10959" started-at="2022-05-09T16:12:18Z" finished-at="2022-05-09T16:12:29Z">
          <reporter-output>
          </reporter-output>
        </test-method> <!-- test1 -->
        <test-method status="PASS" signature="logout_application()[pri:0, instance:Testcases.Testcase1@1bce4f0a]" name="logout_application" is-config="true" duration-ms="2292" started-at="2022-05-09T16:12:29Z" finished-at="2022-05-09T16:12:31Z">
          <reporter-output>
          </reporter-output>
        </test-method> <!-- logout_application -->
        <test-method status="PASS" signature="close_the_browser()[pri:0, instance:Testcases.Testcase1@1bce4f0a]" name="close_the_browser" is-config="true" duration-ms="889" started-at="2022-05-09T16:12:31Z" finished-at="2022-05-09T16:12:32Z">
          <reporter-output>
          </reporter-output>
        </test-method> <!-- close_the_browser -->
      </class> <!-- Testcases.Testcase1 -->
      <class name="Testcases.Testcase2">
        <test-method status="PASS" signature="connect_database()[pri:0, instance:Testcases.Testcase2@3bfdc050]" name="connect_database" is-config="true" duration-ms="14" started-at="2022-05-09T16:10:04Z" finished-at="2022-05-09T16:10:04Z">
          <reporter-output>
          </reporter-output>
        </test-method> <!-- connect_database -->
        <test-method status="PASS" signature="launching_the_browser()[pri:0, instance:Testcases.Testcase2@3bfdc050]" name="launching_the_browser" is-config="true" duration-ms="4641" started-at="2022-05-09T16:10:04Z" finished-at="2022-05-09T16:10:09Z">
          <reporter-output>
          </reporter-output>
        </test-method> <!-- launching_the_browser -->
        <test-method status="PASS" signature="login_to_application()[pri:0, instance:Testcases.Testcase2@3bfdc050]" name="login_to_application" is-config="true" duration-ms="95530" started-at="2022-05-09T16:10:09Z" finished-at="2022-05-09T16:11:44Z">
          <reporter-output>
          </reporter-output>
        </test-method> <!-- login_to_application -->
        <test-method status="PASS" signature="TC4()[pri:0, instance:Testcases.Testcase2@3bfdc050]" name="TC4" duration-ms="7700" started-at="2022-05-09T16:11:44Z" finished-at="2022-05-09T16:11:52Z">
          <reporter-output>
          </reporter-output>
        </test-method> <!-- TC4 -->
        <test-method status="PASS" signature="logout_application()[pri:0, instance:Testcases.Testcase2@3bfdc050]" name="logout_application" is-config="true" duration-ms="2309" started-at="2022-05-09T16:11:52Z" finished-at="2022-05-09T16:11:54Z">
          <reporter-output>
          </reporter-output>
        </test-method> <!-- logout_application -->
        <test-method status="PASS" signature="close_the_browser()[pri:0, instance:Testcases.Testcase2@3bfdc050]" name="close_the_browser" is-config="true" duration-ms="934" started-at="2022-05-09T16:11:54Z" finished-at="2022-05-09T16:11:55Z">
          <reporter-output>
          </reporter-output>
        </test-method> <!-- close_the_browser -->
        <test-method status="PASS" signature="close_the_database()[pri:0, instance:Testcases.Testcase2@3bfdc050]" name="close_the_database" is-config="true" duration-ms="0" started-at="2022-05-09T16:19:44Z" finished-at="2022-05-09T16:19:44Z">
          <reporter-output>
          </reporter-output>
        </test-method> <!-- close_the_database -->
      </class> <!-- Testcases.Testcase2 -->
    </test> <!-- Test -->
  </suite> <!-- Suite -->
</testng-results>
