<?xml version="1.0" encoding="UTF-8"?>
<testng-results skipped="0" failed="1" ignored="0" total="3" passed="2">
  <reporter-output>
  </reporter-output>
  <suite name="Default suite" duration-ms="73907" started-at="2022-04-29T15:30:53Z" finished-at="2022-04-29T15:32:07Z">
    <groups>
    </groups>
    <test name="Default test" duration-ms="73907" started-at="2022-04-29T15:30:53Z" finished-at="2022-04-29T15:32:07Z">
      <class name="Testcases.Testcase1">
        <test-method status="PASS" signature="connect_database()[pri:0, instance:Testcases.Testcase1@59fa1d9b]" name="connect_database" is-config="true" duration-ms="14" started-at="2022-04-29T21:00:53Z" finished-at="2022-04-29T21:00:53Z">
          <reporter-output>
          </reporter-output>
        </test-method> <!-- connect_database -->
        <test-method status="PASS" signature="launching_the_browser()[pri:0, instance:Testcases.Testcase1@59fa1d9b]" name="launching_the_browser" is-config="true" duration-ms="3482" started-at="2022-04-29T21:00:53Z" finished-at="2022-04-29T21:00:57Z">
          <reporter-output>
          </reporter-output>
        </test-method> <!-- launching_the_browser -->
        <test-method status="PASS" signature="login_to_application()[pri:0, instance:Testcases.Testcase1@59fa1d9b]" name="login_to_application" is-config="true" duration-ms="33449" started-at="2022-04-29T21:00:57Z" finished-at="2022-04-29T21:01:30Z">
          <reporter-output>
          </reporter-output>
        </test-method> <!-- login_to_application -->
        <test-method status="FAIL" signature="test1()[pri:0, instance:Testcases.Testcase1@59fa1d9b]" name="test1" duration-ms="15072" started-at="2022-04-29T21:01:30Z" finished-at="2022-04-29T21:01:45Z">
          <exception class="org.openqa.selenium.NoSuchElementException">
            <message>
              <![CDATA[no such element: Unable to locate element: {"method":"xpath","selector":"//body/app[1]/div[1]/div[1]/div[1]/div[1]/div[1]/app-dashboard[1]/div[1]/div[1]/select[1]"}
  (Session info: chrome=100.0.4896.127)
For documentation on this error, please visit: https://www.seleniumhq.org/exceptions/no_such_element.html
Build info: version: '3.141.59', revision: 'e82be7d358', time: '2018-11-14T08:17:03'
System info: host: 'LAPTOP-DQT0UD1I', ip: '192.168.1.6', os.name: 'Windows 10', os.arch: 'amd64', os.version: '10.0', java.version: '1.8.0_202'
Driver info: org.openqa.selenium.chrome.ChromeDriver
Capabilities {acceptInsecureCerts: false, browserName: chrome, browserVersion: 100.0.4896.127, chrome: {chromedriverVersion: 100.0.4896.60 (6a5d10861ce8..., userDataDir: C:\Users\ANSHUP~1\AppData\L...}, goog:chromeOptions: {debuggerAddress: localhost:61899}, javascriptEnabled: true, networkConnectionEnabled: false, pageLoadStrategy: normal, platform: WINDOWS, platformName: WINDOWS, proxy: Proxy(), setWindowRect: true, strictFileInteractability: false, timeouts: {implicit: 0, pageLoad: 300000, script: 30000}, unhandledPromptBehavior: dismiss and notify, webauthn:extension:credBlob: true, webauthn:extension:largeBlob: true, webauthn:virtualAuthenticators: true}
Session ID: b868f1c6cfe3f97e471a30e25fcc2e7b
*** Element info: {Using=xpath, value=//body/app[1]/div[1]/div[1]/div[1]/div[1]/div[1]/app-dashboard[1]/div[1]/div[1]/select[1]}]]>
            </message>
            <full-stacktrace>
              <![CDATA[org.openqa.selenium.NoSuchElementException: no such element: Unable to locate element: {"method":"xpath","selector":"//body/app[1]/div[1]/div[1]/div[1]/div[1]/div[1]/app-dashboard[1]/div[1]/div[1]/select[1]"}
  (Session info: chrome=100.0.4896.127)
For documentation on this error, please visit: https://www.seleniumhq.org/exceptions/no_such_element.html
Build info: version: '3.141.59', revision: 'e82be7d358', time: '2018-11-14T08:17:03'
System info: host: 'LAPTOP-DQT0UD1I', ip: '192.168.1.6', os.name: 'Windows 10', os.arch: 'amd64', os.version: '10.0', java.version: '1.8.0_202'
Driver info: org.openqa.selenium.chrome.ChromeDriver
Capabilities {acceptInsecureCerts: false, browserName: chrome, browserVersion: 100.0.4896.127, chrome: {chromedriverVersion: 100.0.4896.60 (6a5d10861ce8..., userDataDir: C:\Users\ANSHUP~1\AppData\L...}, goog:chromeOptions: {debuggerAddress: localhost:61899}, javascriptEnabled: true, networkConnectionEnabled: false, pageLoadStrategy: normal, platform: WINDOWS, platformName: WINDOWS, proxy: Proxy(), setWindowRect: true, strictFileInteractability: false, timeouts: {implicit: 0, pageLoad: 300000, script: 30000}, unhandledPromptBehavior: dismiss and notify, webauthn:extension:credBlob: true, webauthn:extension:largeBlob: true, webauthn:virtualAuthenticators: true}
Session ID: b868f1c6cfe3f97e471a30e25fcc2e7b
*** Element info: {Using=xpath, value=//body/app[1]/div[1]/div[1]/div[1]/div[1]/div[1]/app-dashboard[1]/div[1]/div[1]/select[1]}
	at sun.reflect.NativeConstructorAccessorImpl.newInstance0(Native Method)
	at sun.reflect.NativeConstructorAccessorImpl.newInstance(Unknown Source)
	at sun.reflect.DelegatingConstructorAccessorImpl.newInstance(Unknown Source)
	at java.lang.reflect.Constructor.newInstance(Unknown Source)
	at org.openqa.selenium.remote.http.W3CHttpResponseCodec.createException(W3CHttpResponseCodec.java:187)
	at org.openqa.selenium.remote.http.W3CHttpResponseCodec.decode(W3CHttpResponseCodec.java:122)
	at org.openqa.selenium.remote.http.W3CHttpResponseCodec.decode(W3CHttpResponseCodec.java:49)
	at org.openqa.selenium.remote.HttpCommandExecutor.execute(HttpCommandExecutor.java:158)
	at org.openqa.selenium.remote.service.DriverCommandExecutor.execute(DriverCommandExecutor.java:83)
	at org.openqa.selenium.remote.RemoteWebDriver.execute(RemoteWebDriver.java:552)
	at org.openqa.selenium.remote.RemoteWebDriver.findElement(RemoteWebDriver.java:323)
	at org.openqa.selenium.remote.RemoteWebDriver.findElementByXPath(RemoteWebDriver.java:428)
	at org.openqa.selenium.By$ByXPath.findElement(By.java:353)
	at org.openqa.selenium.remote.RemoteWebDriver.findElement(RemoteWebDriver.java:315)
	at Testcases.Testcase1.test1(Testcase1.java:16)
	at sun.reflect.NativeMethodAccessorImpl.invoke0(Native Method)
	at sun.reflect.NativeMethodAccessorImpl.invoke(Unknown Source)
	at sun.reflect.DelegatingMethodAccessorImpl.invoke(Unknown Source)
	at java.lang.reflect.Method.invoke(Unknown Source)
	at org.testng.internal.MethodInvocationHelper.invokeMethod(MethodInvocationHelper.java:108)
	at org.testng.internal.Invoker.invokeMethod(Invoker.java:661)
	at org.testng.internal.Invoker.invokeTestMethod(Invoker.java:869)
	at org.testng.internal.Invoker.invokeTestMethods(Invoker.java:1193)
	at org.testng.internal.TestMethodWorker.invokeTestMethods(TestMethodWorker.java:126)
	at org.testng.internal.TestMethodWorker.run(TestMethodWorker.java:109)
	at org.testng.TestRunner.privateRun(TestRunner.java:744)
	at org.testng.TestRunner.run(TestRunner.java:602)
	at org.testng.SuiteRunner.runTest(SuiteRunner.java:380)
	at org.testng.SuiteRunner.runSequentially(SuiteRunner.java:375)
	at org.testng.SuiteRunner.privateRun(SuiteRunner.java:340)
	at org.testng.SuiteRunner.run(SuiteRunner.java:289)
	at org.testng.SuiteRunnerWorker.runSuite(SuiteRunnerWorker.java:52)
	at org.testng.SuiteRunnerWorker.run(SuiteRunnerWorker.java:86)
	at org.testng.TestNG.runSuitesSequentially(TestNG.java:1301)
	at org.testng.TestNG.runSuitesLocally(TestNG.java:1226)
	at org.testng.TestNG.runSuites(TestNG.java:1144)
	at org.testng.TestNG.run(TestNG.java:1115)
	at org.testng.remote.AbstractRemoteTestNG.run(AbstractRemoteTestNG.java:132)
	at org.testng.remote.RemoteTestNG.initAndRun(RemoteTestNG.java:230)
	at org.testng.remote.RemoteTestNG.main(RemoteTestNG.java:76)
]]>
            </full-stacktrace>
          </exception> <!-- org.openqa.selenium.NoSuchElementException -->
          <reporter-output>
          </reporter-output>
        </test-method> <!-- test1 -->
        <test-method status="PASS" signature="login_to_application()[pri:0, instance:Testcases.Testcase1@59fa1d9b]" name="login_to_application" is-config="true" duration-ms="7393" started-at="2022-04-29T21:01:45Z" finished-at="2022-04-29T21:01:53Z">
          <reporter-output>
          </reporter-output>
        </test-method> <!-- login_to_application -->
        <test-method status="PASS" signature="test2()[pri:0, instance:Testcases.Testcase1@59fa1d9b]" name="test2" duration-ms="4312" started-at="2022-04-29T21:01:53Z" finished-at="2022-04-29T21:01:57Z">
          <reporter-output>
          </reporter-output>
        </test-method> <!-- test2 -->
        <test-method status="PASS" signature="login_to_application()[pri:0, instance:Testcases.Testcase1@59fa1d9b]" name="login_to_application" is-config="true" duration-ms="5794" started-at="2022-04-29T21:01:57Z" finished-at="2022-04-29T21:02:03Z">
          <reporter-output>
          </reporter-output>
        </test-method> <!-- login_to_application -->
        <test-method status="PASS" signature="test3()[pri:0, instance:Testcases.Testcase1@59fa1d9b]" name="test3" duration-ms="4374" started-at="2022-04-29T21:02:03Z" finished-at="2022-04-29T21:02:07Z">
          <reporter-output>
          </reporter-output>
        </test-method> <!-- test3 -->
      </class> <!-- Testcases.Testcase1 -->
    </test> <!-- Default test -->
  </suite> <!-- Default suite -->
</testng-results>
